<?xml version="1.0" encoding="UTF-8"?>
<!-- Generated by org.testng.reporters.JUnitXMLReporter -->
<testsuite hostname="Sergueis-MBP-2" ignored="0" name="Default test" tests="16" failures="0" timestamp="2020-05-03T19:09:06 PDT" time="0.58" errors="0">
  <testcase name="cvv" time="0.229" classname="core.CreditCardValidationTest"/>
  <testcase name="cvv" time="0.003" classname="core.CreditCardValidationTest"/>
  <testcase name="cvv" time="0.003" classname="core.CreditCardValidationTest"/>
  <testcase name="cvv" time="0.005" classname="core.CreditCardValidationTest"/>
  <testcase name="exp" time="0.002" classname="core.CreditCardValidationTest"/>
  <testcase name="exp" time="0.005" classname="core.CreditCardValidationTest"/>
  <testcase name="exp" time="0.002" classname="core.CreditCardValidationTest"/>
  <testcase name="exp" time="0.004" classname="core.CreditCardValidationTest"/>
  <testcase name="luhn" time="0.003" classname="core.CreditCardValidationTest"/>
  <testcase name="luhn" time="0.005" classname="core.CreditCardValidationTest"/>
  <testcase name="luhn" time="0.003" classname="core.CreditCardValidationTest"/>
  <testcase name="luhn" time="0.028" classname="core.CreditCardValidationTest"/>
  <testcase name="type" time="0.003" classname="core.CreditCardValidationTest"/>
  <testcase name="type" time="0.004" classname="core.CreditCardValidationTest"/>
  <testcase name="type" time="0.002" classname="core.CreditCardValidationTest"/>
  <testcase name="type" time="0.002" classname="core.CreditCardValidationTest"/>
</testsuite> <!-- Default test -->
